Using pre-set license

 COMMAND LINE ARGUMENTS:
/Applications/Unity/Hub/Editor/2020.3.9f1/Unity.app/Contents/MacOS/Unity
-adb2
-batchMode
-noUpm
-name
AssetImportWorker0
-projectPath
/Users/tonigonzalez/Desktop/Diseño de sonido AA6/SunnyLandProject
-logFile
Logs/AssetImportWorker0.log
-srvPort
50133
Successfully changed project path to: /Users/tonigonzalez/Desktop/Diseño de sonido AA6/SunnyLandProject
/Users/tonigonzalez/Desktop/Diseño de sonido AA6/SunnyLandProject
Using Asset Import Pipeline V2.
Refreshing native plugins compatible for Editor in 210.61 ms, found 1 plugins.
Preloading 0 native plugins for Editor in 0.00 ms.
Initialize engine version: 2020.3.9f1 (108be757e447)
[Subsystems] Discovering subsystems at path /Applications/Unity/Hub/Editor/2020.3.9f1/Unity.app/Contents/Resources/UnitySubsystems
[Subsystems] Discovering subsystems at path /Users/tonigonzalez/Desktop/Diseño de sonido AA6/SunnyLandProject/Assets
GfxDevice: creating device client; threaded=0
2021-06-16 12:46:24.349 Unity[6527:673643] (null) preferred device: AMD Radeon Pro 555 (high power)
2021-06-16 12:46:24.349 Unity[6527:673643] Metal devices available: 1
2021-06-16 12:46:24.349 Unity[6527:673643] 0: AMD Radeon Pro 555 (high power)
2021-06-16 12:46:24.349 Unity[6527:673643] Using device AMD Radeon Pro 555 (high power)
Initializing Metal device caps: AMD Radeon Pro 555
Initialize mono
Mono path[0] = '/Applications/Unity/Hub/Editor/2020.3.9f1/Unity.app/Contents/Managed'
Mono path[1] = '/Applications/Unity/Hub/Editor/2020.3.9f1/Unity.app/Contents/MonoBleedingEdge/lib/mono/unityjit'
Mono config path = '/Applications/Unity/Hub/Editor/2020.3.9f1/Unity.app/Contents/MonoBleedingEdge/etc'
Using monoOptions --debugger-agent=transport=dt_socket,embedding=1,server=y,suspend=n,address=127.0.0.1:56527
Begin MonoManager ReloadAssembly
Registering precompiled unity dll's ...
Register platform support module: /Applications/Unity/Hub/Editor/2020.3.9f1/PlaybackEngines/WebGLSupport/UnityEditor.WebGL.Extensions.dll
Register platform support module: /Applications/Unity/Hub/Editor/2020.3.9f1/Unity.app/Contents/PlaybackEngines/MacStandaloneSupport/UnityEditor.OSXStandalone.Extensions.dll
Registered in 0.063721 seconds.
Native extension for OSXStandalone target not found
Native extension for WebGL target not found
Refreshing native plugins compatible for Editor in 45.79 ms, found 1 plugins.
Preloading 0 native plugins for Editor in 0.00 ms.
Mono: successfully reloaded assembly
- Completed reload, in  6.867 seconds
Platform modules already initialized, skipping
Registering precompiled user dll's ...
Registered in 0.345317 seconds.
